2026-06-02T21:13:13.804+05:45  INFO 14180 --- [The Fifth Ritual] [restartedMain] c.t.backend.BackendApplication           : Starting BackendApplication using Java 17.0.19 with PID 14180 (D:\The Fifth Ritual\backend\backend\target\classes started by Utsav in D:\The Fifth Ritual)
2026-06-02T21:13:13.824+05:45 DEBUG 14180 --- [The Fifth Ritual] [restartedMain] c.t.backend.BackendApplication           : Running with Spring Boot v4.0.6, Spring v7.0.7
2026-06-02T21:13:13.825+05:45  INFO 14180 --- [The Fifth Ritual] [restartedMain] c.t.backend.BackendApplication           : No active profile set, falling back to 1 default profile: "default"
2026-06-02T21:13:13.985+05:45  INFO 14180 --- [The Fifth Ritual] [restartedMain] .e.DevToolsPropertyDefaultsPostProcessor : Devtools property defaults active! Set 'spring.devtools.add-properties' to 'false' to disable
2026-06-02T21:13:13.994+05:45  INFO 14180 --- [The Fifth Ritual] [restartedMain] .e.DevToolsPropertyDefaultsPostProcessor : For additional web related logging consider setting the 'logging.level.web' property to 'DEBUG'
2026-06-02T21:13:17.466+05:45  INFO 14180 --- [The Fifth Ritual] [restartedMain] .s.d.r.c.RepositoryConfigurationDelegate : Bootstrapping Spring Data JPA repositories in DEFAULT mode.
2026-06-02T21:13:17.660+05:45  INFO 14180 --- [The Fifth Ritual] [restartedMain] .s.d.r.c.RepositoryConfigurationDelegate : Finished Spring Data repository scanning in 167 ms. Found 6 JPA repository interfaces.
2026-06-02T21:13:20.713+05:45  INFO 14180 --- [The Fifth Ritual] [restartedMain] o.s.boot.tomcat.TomcatWebServer          : Tomcat initialized with port 8080 (http)
2026-06-02T21:13:20.751+05:45  INFO 14180 --- [The Fifth Ritual] [restartedMain] o.apache.catalina.core.StandardService   : Starting service [Tomcat]
2026-06-02T21:13:20.751+05:45  INFO 14180 --- [The Fifth Ritual] [restartedMain] o.apache.catalina.core.StandardEngine    : Starting Servlet engine: [Apache Tomcat/11.0.21]
2026-06-02T21:13:20.940+05:45  INFO 14180 --- [The Fifth Ritual] [restartedMain] b.w.c.s.WebApplicationContextInitializer : Root WebApplicationContext: initialization completed in 6944 ms
2026-06-02T21:13:21.653+05:45  INFO 14180 --- [The Fifth Ritual] [restartedMain] org.hibernate.orm.jpa                    : HHH008540: Processing PersistenceUnitInfo [name: default]
2026-06-02T21:13:21.879+05:45  INFO 14180 --- [The Fifth Ritual] [restartedMain] org.hibernate.orm.core                   : HHH000001: Hibernate ORM core version 7.2.12.Final
2026-06-02T21:13:23.145+05:45  INFO 14180 --- [The Fifth Ritual] [restartedMain] o.s.o.j.p.SpringPersistenceUnitInfo      : No LoadTimeWeaver setup: ignoring JPA class transformer
2026-06-02T21:13:23.189+05:45  INFO 14180 --- [The Fifth Ritual] [restartedMain] com.zaxxer.hikari.HikariDataSource       : HikariPool-1 - Starting...
2026-06-02T21:13:24.109+05:45  INFO 14180 --- [The Fifth Ritual] [restartedMain] com.zaxxer.hikari.pool.HikariPool        : HikariPool-1 - Added connection com.mysql.cj.jdbc.ConnectionImpl@79def8de
2026-06-02T21:13:24.125+05:45  INFO 14180 --- [The Fifth Ritual] [restartedMain] com.zaxxer.hikari.HikariDataSource       : HikariPool-1 - Start completed.
2026-06-02T21:13:24.365+05:45  INFO 14180 --- [The Fifth Ritual] [restartedMain] org.hibernate.orm.connections.pooling    : HHH10001005: Database info:
	Database JDBC URL [jdbc:mysql://localhost:3306/fifth_ritual_db]
	Database driver: MySQL Connector/J
	Database dialect: MySQLDialect
	Database version: 8.0.46
	Default catalog/schema: fifth_ritual_db/undefined
	Autocommit mode: undefined/unknown
	Isolation level: REPEATABLE_READ [default REPEATABLE_READ]
	JDBC fetch size: none
	Pool: DataSourceConnectionProvider
	Minimum pool size: undefined/unknown
	Maximum pool size: undefined/unknown
2026-06-02T21:13:26.138+05:45  INFO 14180 --- [The Fifth Ritual] [restartedMain] org.hibernate.orm.core                   : HHH000489: No JTA platform available (set 'hibernate.transaction.jta.platform' to enable JTA platform integration)
2026-06-02T21:13:26.377+05:45  INFO 14180 --- [The Fifth Ritual] [restartedMain] j.LocalContainerEntityManagerFactoryBean : Initialized JPA EntityManagerFactory for persistence unit 'default'
2026-06-02T21:13:26.555+05:45  INFO 14180 --- [The Fifth Ritual] [restartedMain] o.s.d.j.r.query.QueryEnhancerFactories   : Hibernate is in classpath; If applicable, HQL parser will be used.
2026-06-02T21:13:27.118+05:45 DEBUG 14180 --- [The Fifth Ritual] [restartedMain] c.t.b.security.JwtAuthenticationFilter   : Filter 'jwtAuthenticationFilter' configured for use
2026-06-02T21:13:27.458+05:45  INFO 14180 --- [The Fifth Ritual] [restartedMain] r$InitializeUserDetailsManagerConfigurer : Global AuthenticationManager configured with UserDetailsService bean with name customUserDetailsService
2026-06-02T21:13:27.521+05:45  WARN 14180 --- [The Fifth Ritual] [restartedMain] JpaBaseConfiguration$JpaWebConfiguration : spring.jpa.open-in-view is enabled by default. Therefore, database queries may be performed during view rendering. Explicitly configure spring.jpa.open-in-view to disable this warning
2026-06-02T21:13:28.650+05:45  WARN 14180 --- [The Fifth Ritual] [restartedMain] ion$DefaultTemplateResolverConfiguration : Cannot find template location: classpath:/templates/ (please add some templates, check your Thymeleaf configuration, or set spring.thymeleaf.check-template-location=false)
2026-06-02T21:13:29.212+05:45  INFO 14180 --- [The Fifth Ritual] [restartedMain] o.s.b.a.e.web.EndpointLinksResolver      : Exposing 4 endpoints beneath base path '/actuator'
2026-06-02T21:13:29.357+05:45  INFO 14180 --- [The Fifth Ritual] [restartedMain] o.s.boot.tomcat.TomcatWebServer          : Tomcat started on port 8080 (http) with context path '/'
2026-06-02T21:13:29.368+05:45  INFO 14180 --- [The Fifth Ritual] [restartedMain] c.t.backend.BackendApplication           : Started BackendApplication in 16.471 seconds (process running for 25.751)
2026-06-02T22:33:11.565+05:45  INFO 14180 --- [The Fifth Ritual] [SpringApplicationShutdownHook] o.s.boot.tomcat.GracefulShutdown         : Commencing graceful shutdown. Waiting for active requests to complete
2026-06-02T22:33:11.609+05:45  INFO 14180 --- [The Fifth Ritual] [tomcat-shutdown] o.s.boot.tomcat.GracefulShutdown         : Graceful shutdown complete
2026-06-02T22:33:11.633+05:45  INFO 14180 --- [The Fifth Ritual] [SpringApplicationShutdownHook] j.LocalContainerEntityManagerFactoryBean : Closing JPA EntityManagerFactory for persistence unit 'default'
2026-06-02T22:33:11.649+05:45  INFO 14180 --- [The Fifth Ritual] [SpringApplicationShutdownHook] com.zaxxer.hikari.HikariDataSource       : HikariPool-1 - Shutdown initiated...
2026-06-02T22:33:11.660+05:45  INFO 14180 --- [The Fifth Ritual] [SpringApplicationShutdownHook] com.zaxxer.hikari.HikariDataSource       : HikariPool-1 - Shutdown completed.
